<?xml version="1.0" encoding="UTF-8"?>
<testsuite xmlns:xsi="http://www.w3.org/2001/XMLSchema-instance" xsi:noNamespaceSchemaLocation="https://maven.apache.org/surefire/maven-surefire-plugin/xsd/surefire-test-report-3.0.xsd" version="3.0" name="com.movie.celestix.CelestixApplicationTests" time="3.813" tests="1" errors="0" skipped="0" failures="0">
  <properties>
    <property name="java.specification.version" value="21"/>
    <property name="sun.jnu.encoding" value="UTF-8"/>
    <property name="java.class.path" value="/home/alvin/GitHub/celestix/target/test-classes:/home/alvin/GitHub/celestix/target/classes:/home/alvin/.m2/repository/org/springframework/boot/spring-boot-starter-web/3.3.13/spring-boot-starter-web-3.3.13.jar:/home/alvin/.m2/repository/org/springframework/boot/spring-boot-starter/3.3.13/spring-boot-starter-3.3.13.jar:/home/alvin/.m2/repository/org/springframework/boot/spring-boot/3.3.13/spring-boot-3.3.13.jar:/home/alvin/.m2/repository/org/springframework/boot/spring-boot-autoconfigure/3.3.13/spring-boot-autoconfigure-3.3.13.jar:/home/alvin/.m2/repository/org/springframework/boot/spring-boot-starter-logging/3.3.13/spring-boot-starter-logging-3.3.13.jar:/home/alvin/.m2/repository/ch/qos/logback/logback-classic/1.5.18/logback-classic-1.5.18.jar:/home/alvin/.m2/repository/ch/qos/logback/logback-core/1.5.18/logback-core-1.5.18.jar:/home/alvin/.m2/repository/org/apache/logging/log4j/log4j-to-slf4j/2.23.1/log4j-to-slf4j-2.23.1.jar:/home/alvin/.m2/repository/org/apache/logging/log4j/log4j-api/2.23.1/log4j-api-2.23.1.jar:/home/alvin/.m2/repository/org/slf4j/jul-to-slf4j/2.0.17/jul-to-slf4j-2.0.17.jar:/home/alvin/.m2/repository/jakarta/annotation/jakarta.annotation-api/2.1.1/jakarta.annotation-api-2.1.1.jar:/home/alvin/.m2/repository/org/yaml/snakeyaml/2.2/snakeyaml-2.2.jar:/home/alvin/.m2/repository/org/springframework/boot/spring-boot-starter-json/3.3.13/spring-boot-starter-json-3.3.13.jar:/home/alvin/.m2/repository/com/fasterxml/jackson/core/jackson-databind/2.17.3/jackson-databind-2.17.3.jar:/home/alvin/.m2/repository/com/fasterxml/jackson/core/jackson-annotations/2.17.3/jackson-annotations-2.17.3.jar:/home/alvin/.m2/repository/com/fasterxml/jackson/core/jackson-core/2.17.3/jackson-core-2.17.3.jar:/home/alvin/.m2/repository/com/fasterxml/jackson/datatype/jackson-datatype-jdk8/2.17.3/jackson-datatype-jdk8-2.17.3.jar:/home/alvin/.m2/repository/com/fasterxml/jackson/datatype/jackson-datatype-jsr310/2.17.3/jackson-datatype-jsr310-2.17.3.jar:/home/alvin/.m2/repository/com/fasterxml/jackson/module/jackson-module-parameter-names/2.17.3/jackson-module-parameter-names-2.17.3.jar:/home/alvin/.m2/repository/org/springframework/boot/spring-boot-starter-tomcat/3.3.13/spring-boot-starter-tomcat-3.3.13.jar:/home/alvin/.m2/repository/org/apache/tomcat/embed/tomcat-embed-core/10.1.42/tomcat-embed-core-10.1.42.jar:/home/alvin/.m2/repository/org/apache/tomcat/embed/tomcat-embed-websocket/10.1.42/tomcat-embed-websocket-10.1.42.jar:/home/alvin/.m2/repository/org/springframework/spring-web/6.1.21/spring-web-6.1.21.jar:/home/alvin/.m2/repository/org/springframework/spring-beans/6.1.21/spring-beans-6.1.21.jar:/home/alvin/.m2/repository/io/micrometer/micrometer-observation/1.13.15/micrometer-observation-1.13.15.jar:/home/alvin/.m2/repository/io/micrometer/micrometer-commons/1.13.15/micrometer-commons-1.13.15.jar:/home/alvin/.m2/repository/org/springframework/spring-webmvc/6.1.21/spring-webmvc-6.1.21.jar:/home/alvin/.m2/repository/org/springframework/spring-context/6.1.21/spring-context-6.1.21.jar:/home/alvin/.m2/repository/org/springframework/spring-expression/6.1.21/spring-expression-6.1.21.jar:/home/alvin/.m2/repository/com/h2database/h2/2.2.224/h2-2.2.224.jar:/home/alvin/.m2/repository/org/springframework/boot/spring-boot-starter-data-jpa/3.3.13/spring-boot-starter-data-jpa-3.3.13.jar:/home/alvin/.m2/repository/org/springframework/boot/spring-boot-starter-aop/3.3.13/spring-boot-starter-aop-3.3.13.jar:/home/alvin/.m2/repository/org/aspectj/aspectjweaver/1.9.24/aspectjweaver-1.9.24.jar:/home/alvin/.m2/repository/org/springframework/boot/spring-boot-starter-jdbc/3.3.13/spring-boot-starter-jdbc-3.3.13.jar:/home/alvin/.m2/repository/com/zaxxer/HikariCP/5.1.0/HikariCP-5.1.0.jar:/home/alvin/.m2/repository/org/springframework/spring-jdbc/6.1.21/spring-jdbc-6.1.21.jar:/home/alvin/.m2/repository/org/hibernate/orm/hibernate-core/6.5.3.Final/hibernate-core-6.5.3.Final.jar:/home/alvin/.m2/repository/jakarta/persistence/jakarta.persistence-api/3.1.0/jakarta.persistence-api-3.1.0.jar:/home/alvin/.m2/repository/jakarta/transaction/jakarta.transaction-api/2.0.1/jakarta.transaction-api-2.0.1.jar:/home/alvin/.m2/repository/org/jboss/logging/jboss-logging/3.5.3.Final/jboss-logging-3.5.3.Final.jar:/home/alvin/.m2/repository/org/hibernate/common/hibernate-commons-annotations/6.0.6.Final/hibernate-commons-annotations-6.0.6.Final.jar:/home/alvin/.m2/repository/io/smallrye/jandex/3.1.2/jandex-3.1.2.jar:/home/alvin/.m2/repository/com/fasterxml/classmate/1.7.0/classmate-1.7.0.jar:/home/alvin/.m2/repository/net/bytebuddy/byte-buddy/1.14.19/byte-buddy-1.14.19.jar:/home/alvin/.m2/repository/org/glassfish/jaxb/jaxb-runtime/4.0.5/jaxb-runtime-4.0.5.jar:/home/alvin/.m2/repository/org/glassfish/jaxb/jaxb-core/4.0.5/jaxb-core-4.0.5.jar:/home/alvin/.m2/repository/org/eclipse/angus/angus-activation/2.0.2/angus-activation-2.0.2.jar:/home/alvin/.m2/repository/org/glassfish/jaxb/txw2/4.0.5/txw2-4.0.5.jar:/home/alvin/.m2/repository/com/sun/istack/istack-commons-runtime/4.1.2/istack-commons-runtime-4.1.2.jar:/home/alvin/.m2/repository/jakarta/inject/jakarta.inject-api/2.0.1/jakarta.inject-api-2.0.1.jar:/home/alvin/.m2/repository/org/antlr/antlr4-runtime/4.13.0/antlr4-runtime-4.13.0.jar:/home/alvin/.m2/repository/org/springframework/data/spring-data-jpa/3.3.13/spring-data-jpa-3.3.13.jar:/home/alvin/.m2/repository/org/springframework/data/spring-data-commons/3.3.13/spring-data-commons-3.3.13.jar:/home/alvin/.m2/repository/org/springframework/spring-orm/6.1.21/spring-orm-6.1.21.jar:/home/alvin/.m2/repository/org/springframework/spring-tx/6.1.21/spring-tx-6.1.21.jar:/home/alvin/.m2/repository/org/slf4j/slf4j-api/2.0.17/slf4j-api-2.0.17.jar:/home/alvin/.m2/repository/org/springframework/spring-aspects/6.1.21/spring-aspects-6.1.21.jar:/home/alvin/.m2/repository/org/springframework/boot/spring-boot-starter-validation/3.3.13/spring-boot-starter-validation-3.3.13.jar:/home/alvin/.m2/repository/org/apache/tomcat/embed/tomcat-embed-el/10.1.42/tomcat-embed-el-10.1.42.jar:/home/alvin/.m2/repository/org/hibernate/validator/hibernate-validator/8.0.2.Final/hibernate-validator-8.0.2.Final.jar:/home/alvin/.m2/repository/jakarta/validation/jakarta.validation-api/3.0.2/jakarta.validation-api-3.0.2.jar:/home/alvin/.m2/repository/org/springframework/boot/spring-boot-starter-security/3.3.13/spring-boot-starter-security-3.3.13.jar:/home/alvin/.m2/repository/org/springframework/spring-aop/6.1.21/spring-aop-6.1.21.jar:/home/alvin/.m2/repository/org/springframework/security/spring-security-config/6.3.10/spring-security-config-6.3.10.jar:/home/alvin/.m2/repository/org/springframework/security/spring-security-web/6.3.10/spring-security-web-6.3.10.jar:/home/alvin/.m2/repository/org/projectlombok/lombok/1.18.38/lombok-1.18.38.jar:/home/alvin/.m2/repository/org/mapstruct/mapstruct/1.5.5.Final/mapstruct-1.5.5.Final.jar:/home/alvin/.m2/repository/org/springdoc/springdoc-openapi-starter-webmvc-ui/2.3.0/springdoc-openapi-starter-webmvc-ui-2.3.0.jar:/home/alvin/.m2/repository/org/springdoc/springdoc-openapi-starter-webmvc-api/2.3.0/springdoc-openapi-starter-webmvc-api-2.3.0.jar:/home/alvin/.m2/repository/org/springdoc/springdoc-openapi-starter-common/2.3.0/springdoc-openapi-starter-common-2.3.0.jar:/home/alvin/.m2/repository/io/swagger/core/v3/swagger-core-jakarta/2.2.19/swagger-core-jakarta-2.2.19.jar:/home/alvin/.m2/repository/org/apache/commons/commons-lang3/3.14.0/commons-lang3-3.14.0.jar:/home/alvin/.m2/repository/io/swagger/core/v3/swagger-annotations-jakarta/2.2.19/swagger-annotations-jakarta-2.2.19.jar:/home/alvin/.m2/repository/io/swagger/core/v3/swagger-models-jakarta/2.2.19/swagger-models-jakarta-2.2.19.jar:/home/alvin/.m2/repository/com/fasterxml/jackson/dataformat/jackson-dataformat-yaml/2.17.3/jackson-dataformat-yaml-2.17.3.jar:/home/alvin/.m2/repository/org/webjars/swagger-ui/5.10.3/swagger-ui-5.10.3.jar:/home/alvin/.m2/repository/org/springframework/boot/spring-boot-starter-test/3.3.13/spring-boot-starter-test-3.3.13.jar:/home/alvin/.m2/repository/org/springframework/boot/spring-boot-test/3.3.13/spring-boot-test-3.3.13.jar:/home/alvin/.m2/repository/org/springframework/boot/spring-boot-test-autoconfigure/3.3.13/spring-boot-test-autoconfigure-3.3.13.jar:/home/alvin/.m2/repository/com/jayway/jsonpath/json-path/2.9.0/json-path-2.9.0.jar:/home/alvin/.m2/repository/jakarta/xml/bind/jakarta.xml.bind-api/4.0.2/jakarta.xml.bind-api-4.0.2.jar:/home/alvin/.m2/repository/jakarta/activation/jakarta.activation-api/2.1.3/jakarta.activation-api-2.1.3.jar:/home/alvin/.m2/repository/net/minidev/json-smart/2.5.2/json-smart-2.5.2.jar:/home/alvin/.m2/repository/net/minidev/accessors-smart/2.5.2/accessors-smart-2.5.2.jar:/home/alvin/.m2/repository/org/ow2/asm/asm/9.7.1/asm-9.7.1.jar:/home/alvin/.m2/repository/org/assertj/assertj-core/3.25.3/assertj-core-3.25.3.jar:/home/alvin/.m2/repository/org/awaitility/awaitility/4.2.2/awaitility-4.2.2.jar:/home/alvin/.m2/repository/org/hamcrest/hamcrest/2.2/hamcrest-2.2.jar:/home/alvin/.m2/repository/org/junit/jupiter/junit-jupiter/5.10.5/junit-jupiter-5.10.5.jar:/home/alvin/.m2/repository/org/junit/jupiter/junit-jupiter-api/5.10.5/junit-jupiter-api-5.10.5.jar:/home/alvin/.m2/repository/org/opentest4j/opentest4j/1.3.0/opentest4j-1.3.0.jar:/home/alvin/.m2/repository/org/junit/platform/junit-platform-commons/1.10.5/junit-platform-commons-1.10.5.jar:/home/alvin/.m2/repository/org/apiguardian/apiguardian-api/1.1.2/apiguardian-api-1.1.2.jar:/home/alvin/.m2/repository/org/junit/jupiter/junit-jupiter-params/5.10.5/junit-jupiter-params-5.10.5.jar:/home/alvin/.m2/repository/org/junit/jupiter/junit-jupiter-engine/5.10.5/junit-jupiter-engine-5.10.5.jar:/home/alvin/.m2/repository/org/junit/platform/junit-platform-engine/1.10.5/junit-platform-engine-1.10.5.jar:/home/alvin/.m2/repository/org/mockito/mockito-core/5.11.0/mockito-core-5.11.0.jar:/home/alvin/.m2/repository/net/bytebuddy/byte-buddy-agent/1.14.19/byte-buddy-agent-1.14.19.jar:/home/alvin/.m2/repository/org/objenesis/objenesis/3.3/objenesis-3.3.jar:/home/alvin/.m2/repository/org/mockito/mockito-junit-jupiter/5.11.0/mockito-junit-jupiter-5.11.0.jar:/home/alvin/.m2/repository/org/skyscreamer/jsonassert/1.5.3/jsonassert-1.5.3.jar:/home/alvin/.m2/repository/com/vaadin/external/google/android-json/0.0.20131108.vaadin1/android-json-0.0.20131108.vaadin1.jar:/home/alvin/.m2/repository/org/springframework/spring-core/6.1.21/spring-core-6.1.21.jar:/home/alvin/.m2/repository/org/springframework/spring-jcl/6.1.21/spring-jcl-6.1.21.jar:/home/alvin/.m2/repository/org/springframework/spring-test/6.1.21/spring-test-6.1.21.jar:/home/alvin/.m2/repository/org/xmlunit/xmlunit-core/2.9.1/xmlunit-core-2.9.1.jar:/home/alvin/.m2/repository/org/springframework/security/spring-security-test/6.3.10/spring-security-test-6.3.10.jar:/home/alvin/.m2/repository/org/springframework/security/spring-security-core/6.3.10/spring-security-core-6.3.10.jar:/home/alvin/.m2/repository/org/springframework/security/spring-security-crypto/6.3.10/spring-security-crypto-6.3.10.jar:"/>
    <property name="java.vm.vendor" value="Ubuntu"/>
    <property name="sun.arch.data.model" value="64"/>
    <property name="java.vendor.url" value="https://ubuntu.com/"/>
    <property name="user.timezone" value="Asia/Bangkok"/>
    <property name="org.jboss.logging.provider" value="slf4j"/>
    <property name="os.name" value="Linux"/>
    <property name="java.vm.specification.version" value="21"/>
    <property name="sun.java.launcher" value="SUN_STANDARD"/>
    <property name="user.country" value="US"/>
    <property name="sun.boot.library.path" value="/usr/lib/jvm/java-21-openjdk-amd64/lib"/>
    <property name="sun.java.command" value="/home/alvin/GitHub/celestix/target/surefire/surefirebooter-20250812141237690_3.jar /home/alvin/GitHub/celestix/target/surefire 2025-08-12T14-12-37_620-jvmRun1 surefire-20250812141237690_1tmp surefire_0-20250812141237690_2tmp"/>
    <property name="jdk.debug" value="release"/>
    <property name="surefire.test.class.path" value="/home/alvin/GitHub/celestix/target/test-classes:/home/alvin/GitHub/celestix/target/classes:/home/alvin/.m2/repository/org/springframework/boot/spring-boot-starter-web/3.3.13/spring-boot-starter-web-3.3.13.jar:/home/alvin/.m2/repository/org/springframework/boot/spring-boot-starter/3.3.13/spring-boot-starter-3.3.13.jar:/home/alvin/.m2/repository/org/springframework/boot/spring-boot/3.3.13/spring-boot-3.3.13.jar:/home/alvin/.m2/repository/org/springframework/boot/spring-boot-autoconfigure/3.3.13/spring-boot-autoconfigure-3.3.13.jar:/home/alvin/.m2/repository/org/springframework/boot/spring-boot-starter-logging/3.3.13/spring-boot-starter-logging-3.3.13.jar:/home/alvin/.m2/repository/ch/qos/logback/logback-classic/1.5.18/logback-classic-1.5.18.jar:/home/alvin/.m2/repository/ch/qos/logback/logback-core/1.5.18/logback-core-1.5.18.jar:/home/alvin/.m2/repository/org/apache/logging/log4j/log4j-to-slf4j/2.23.1/log4j-to-slf4j-2.23.1.jar:/home/alvin/.m2/repository/org/apache/logging/log4j/log4j-api/2.23.1/log4j-api-2.23.1.jar:/home/alvin/.m2/repository/org/slf4j/jul-to-slf4j/2.0.17/jul-to-slf4j-2.0.17.jar:/home/alvin/.m2/repository/jakarta/annotation/jakarta.annotation-api/2.1.1/jakarta.annotation-api-2.1.1.jar:/home/alvin/.m2/repository/org/yaml/snakeyaml/2.2/snakeyaml-2.2.jar:/home/alvin/.m2/repository/org/springframework/boot/spring-boot-starter-json/3.3.13/spring-boot-starter-json-3.3.13.jar:/home/alvin/.m2/repository/com/fasterxml/jackson/core/jackson-databind/2.17.3/jackson-databind-2.17.3.jar:/home/alvin/.m2/repository/com/fasterxml/jackson/core/jackson-annotations/2.17.3/jackson-annotations-2.17.3.jar:/home/alvin/.m2/repository/com/fasterxml/jackson/core/jackson-core/2.17.3/jackson-core-2.17.3.jar:/home/alvin/.m2/repository/com/fasterxml/jackson/datatype/jackson-datatype-jdk8/2.17.3/jackson-datatype-jdk8-2.17.3.jar:/home/alvin/.m2/repository/com/fasterxml/jackson/datatype/jackson-datatype-jsr310/2.17.3/jackson-datatype-jsr310-2.17.3.jar:/home/alvin/.m2/repository/com/fasterxml/jackson/module/jackson-module-parameter-names/2.17.3/jackson-module-parameter-names-2.17.3.jar:/home/alvin/.m2/repository/org/springframework/boot/spring-boot-starter-tomcat/3.3.13/spring-boot-starter-tomcat-3.3.13.jar:/home/alvin/.m2/repository/org/apache/tomcat/embed/tomcat-embed-core/10.1.42/tomcat-embed-core-10.1.42.jar:/home/alvin/.m2/repository/org/apache/tomcat/embed/tomcat-embed-websocket/10.1.42/tomcat-embed-websocket-10.1.42.jar:/home/alvin/.m2/repository/org/springframework/spring-web/6.1.21/spring-web-6.1.21.jar:/home/alvin/.m2/repository/org/springframework/spring-beans/6.1.21/spring-beans-6.1.21.jar:/home/alvin/.m2/repository/io/micrometer/micrometer-observation/1.13.15/micrometer-observation-1.13.15.jar:/home/alvin/.m2/repository/io/micrometer/micrometer-commons/1.13.15/micrometer-commons-1.13.15.jar:/home/alvin/.m2/repository/org/springframework/spring-webmvc/6.1.21/spring-webmvc-6.1.21.jar:/home/alvin/.m2/repository/org/springframework/spring-context/6.1.21/spring-context-6.1.21.jar:/home/alvin/.m2/repository/org/springframework/spring-expression/6.1.21/spring-expression-6.1.21.jar:/home/alvin/.m2/repository/com/h2database/h2/2.2.224/h2-2.2.224.jar:/home/alvin/.m2/repository/org/springframework/boot/spring-boot-starter-data-jpa/3.3.13/spring-boot-starter-data-jpa-3.3.13.jar:/home/alvin/.m2/repository/org/springframework/boot/spring-boot-starter-aop/3.3.13/spring-boot-starter-aop-3.3.13.jar:/home/alvin/.m2/repository/org/aspectj/aspectjweaver/1.9.24/aspectjweaver-1.9.24.jar:/home/alvin/.m2/repository/org/springframework/boot/spring-boot-starter-jdbc/3.3.13/spring-boot-starter-jdbc-3.3.13.jar:/home/alvin/.m2/repository/com/zaxxer/HikariCP/5.1.0/HikariCP-5.1.0.jar:/home/alvin/.m2/repository/org/springframework/spring-jdbc/6.1.21/spring-jdbc-6.1.21.jar:/home/alvin/.m2/repository/org/hibernate/orm/hibernate-core/6.5.3.Final/hibernate-core-6.5.3.Final.jar:/home/alvin/.m2/repository/jakarta/persistence/jakarta.persistence-api/3.1.0/jakarta.persistence-api-3.1.0.jar:/home/alvin/.m2/repository/jakarta/transaction/jakarta.transaction-api/2.0.1/jakarta.transaction-api-2.0.1.jar:/home/alvin/.m2/repository/org/jboss/logging/jboss-logging/3.5.3.Final/jboss-logging-3.5.3.Final.jar:/home/alvin/.m2/repository/org/hibernate/common/hibernate-commons-annotations/6.0.6.Final/hibernate-commons-annotations-6.0.6.Final.jar:/home/alvin/.m2/repository/io/smallrye/jandex/3.1.2/jandex-3.1.2.jar:/home/alvin/.m2/repository/com/fasterxml/classmate/1.7.0/classmate-1.7.0.jar:/home/alvin/.m2/repository/net/bytebuddy/byte-buddy/1.14.19/byte-buddy-1.14.19.jar:/home/alvin/.m2/repository/org/glassfish/jaxb/jaxb-runtime/4.0.5/jaxb-runtime-4.0.5.jar:/home/alvin/.m2/repository/org/glassfish/jaxb/jaxb-core/4.0.5/jaxb-core-4.0.5.jar:/home/alvin/.m2/repository/org/eclipse/angus/angus-activation/2.0.2/angus-activation-2.0.2.jar:/home/alvin/.m2/repository/org/glassfish/jaxb/txw2/4.0.5/txw2-4.0.5.jar:/home/alvin/.m2/repository/com/sun/istack/istack-commons-runtime/4.1.2/istack-commons-runtime-4.1.2.jar:/home/alvin/.m2/repository/jakarta/inject/jakarta.inject-api/2.0.1/jakarta.inject-api-2.0.1.jar:/home/alvin/.m2/repository/org/antlr/antlr4-runtime/4.13.0/antlr4-runtime-4.13.0.jar:/home/alvin/.m2/repository/org/springframework/data/spring-data-jpa/3.3.13/spring-data-jpa-3.3.13.jar:/home/alvin/.m2/repository/org/springframework/data/spring-data-commons/3.3.13/spring-data-commons-3.3.13.jar:/home/alvin/.m2/repository/org/springframework/spring-orm/6.1.21/spring-orm-6.1.21.jar:/home/alvin/.m2/repository/org/springframework/spring-tx/6.1.21/spring-tx-6.1.21.jar:/home/alvin/.m2/repository/org/slf4j/slf4j-api/2.0.17/slf4j-api-2.0.17.jar:/home/alvin/.m2/repository/org/springframework/spring-aspects/6.1.21/spring-aspects-6.1.21.jar:/home/alvin/.m2/repository/org/springframework/boot/spring-boot-starter-validation/3.3.13/spring-boot-starter-validation-3.3.13.jar:/home/alvin/.m2/repository/org/apache/tomcat/embed/tomcat-embed-el/10.1.42/tomcat-embed-el-10.1.42.jar:/home/alvin/.m2/repository/org/hibernate/validator/hibernate-validator/8.0.2.Final/hibernate-validator-8.0.2.Final.jar:/home/alvin/.m2/repository/jakarta/validation/jakarta.validation-api/3.0.2/jakarta.validation-api-3.0.2.jar:/home/alvin/.m2/repository/org/springframework/boot/spring-boot-starter-security/3.3.13/spring-boot-starter-security-3.3.13.jar:/home/alvin/.m2/repository/org/springframework/spring-aop/6.1.21/spring-aop-6.1.21.jar:/home/alvin/.m2/repository/org/springframework/security/spring-security-config/6.3.10/spring-security-config-6.3.10.jar:/home/alvin/.m2/repository/org/springframework/security/spring-security-web/6.3.10/spring-security-web-6.3.10.jar:/home/alvin/.m2/repository/org/projectlombok/lombok/1.18.38/lombok-1.18.38.jar:/home/alvin/.m2/repository/org/mapstruct/mapstruct/1.5.5.Final/mapstruct-1.5.5.Final.jar:/home/alvin/.m2/repository/org/springdoc/springdoc-openapi-starter-webmvc-ui/2.3.0/springdoc-openapi-starter-webmvc-ui-2.3.0.jar:/home/alvin/.m2/repository/org/springdoc/springdoc-openapi-starter-webmvc-api/2.3.0/springdoc-openapi-starter-webmvc-api-2.3.0.jar:/home/alvin/.m2/repository/org/springdoc/springdoc-openapi-starter-common/2.3.0/springdoc-openapi-starter-common-2.3.0.jar:/home/alvin/.m2/repository/io/swagger/core/v3/swagger-core-jakarta/2.2.19/swagger-core-jakarta-2.2.19.jar:/home/alvin/.m2/repository/org/apache/commons/commons-lang3/3.14.0/commons-lang3-3.14.0.jar:/home/alvin/.m2/repository/io/swagger/core/v3/swagger-annotations-jakarta/2.2.19/swagger-annotations-jakarta-2.2.19.jar:/home/alvin/.m2/repository/io/swagger/core/v3/swagger-models-jakarta/2.2.19/swagger-models-jakarta-2.2.19.jar:/home/alvin/.m2/repository/com/fasterxml/jackson/dataformat/jackson-dataformat-yaml/2.17.3/jackson-dataformat-yaml-2.17.3.jar:/home/alvin/.m2/repository/org/webjars/swagger-ui/5.10.3/swagger-ui-5.10.3.jar:/home/alvin/.m2/repository/org/springframework/boot/spring-boot-starter-test/3.3.13/spring-boot-starter-test-3.3.13.jar:/home/alvin/.m2/repository/org/springframework/boot/spring-boot-test/3.3.13/spring-boot-test-3.3.13.jar:/home/alvin/.m2/repository/org/springframework/boot/spring-boot-test-autoconfigure/3.3.13/spring-boot-test-autoconfigure-3.3.13.jar:/home/alvin/.m2/repository/com/jayway/jsonpath/json-path/2.9.0/json-path-2.9.0.jar:/home/alvin/.m2/repository/jakarta/xml/bind/jakarta.xml.bind-api/4.0.2/jakarta.xml.bind-api-4.0.2.jar:/home/alvin/.m2/repository/jakarta/activation/jakarta.activation-api/2.1.3/jakarta.activation-api-2.1.3.jar:/home/alvin/.m2/repository/net/minidev/json-smart/2.5.2/json-smart-2.5.2.jar:/home/alvin/.m2/repository/net/minidev/accessors-smart/2.5.2/accessors-smart-2.5.2.jar:/home/alvin/.m2/repository/org/ow2/asm/asm/9.7.1/asm-9.7.1.jar:/home/alvin/.m2/repository/org/assertj/assertj-core/3.25.3/assertj-core-3.25.3.jar:/home/alvin/.m2/repository/org/awaitility/awaitility/4.2.2/awaitility-4.2.2.jar:/home/alvin/.m2/repository/org/hamcrest/hamcrest/2.2/hamcrest-2.2.jar:/home/alvin/.m2/repository/org/junit/jupiter/junit-jupiter/5.10.5/junit-jupiter-5.10.5.jar:/home/alvin/.m2/repository/org/junit/jupiter/junit-jupiter-api/5.10.5/junit-jupiter-api-5.10.5.jar:/home/alvin/.m2/repository/org/opentest4j/opentest4j/1.3.0/opentest4j-1.3.0.jar:/home/alvin/.m2/repository/org/junit/platform/junit-platform-commons/1.10.5/junit-platform-commons-1.10.5.jar:/home/alvin/.m2/repository/org/apiguardian/apiguardian-api/1.1.2/apiguardian-api-1.1.2.jar:/home/alvin/.m2/repository/org/junit/jupiter/junit-jupiter-params/5.10.5/junit-jupiter-params-5.10.5.jar:/home/alvin/.m2/repository/org/junit/jupiter/junit-jupiter-engine/5.10.5/junit-jupiter-engine-5.10.5.jar:/home/alvin/.m2/repository/org/junit/platform/junit-platform-engine/1.10.5/junit-platform-engine-1.10.5.jar:/home/alvin/.m2/repository/org/mockito/mockito-core/5.11.0/mockito-core-5.11.0.jar:/home/alvin/.m2/repository/net/bytebuddy/byte-buddy-agent/1.14.19/byte-buddy-agent-1.14.19.jar:/home/alvin/.m2/repository/org/objenesis/objenesis/3.3/objenesis-3.3.jar:/home/alvin/.m2/repository/org/mockito/mockito-junit-jupiter/5.11.0/mockito-junit-jupiter-5.11.0.jar:/home/alvin/.m2/repository/org/skyscreamer/jsonassert/1.5.3/jsonassert-1.5.3.jar:/home/alvin/.m2/repository/com/vaadin/external/google/android-json/0.0.20131108.vaadin1/android-json-0.0.20131108.vaadin1.jar:/home/alvin/.m2/repository/org/springframework/spring-core/6.1.21/spring-core-6.1.21.jar:/home/alvin/.m2/repository/org/springframework/spring-jcl/6.1.21/spring-jcl-6.1.21.jar:/home/alvin/.m2/repository/org/springframework/spring-test/6.1.21/spring-test-6.1.21.jar:/home/alvin/.m2/repository/org/xmlunit/xmlunit-core/2.9.1/xmlunit-core-2.9.1.jar:/home/alvin/.m2/repository/org/springframework/security/spring-security-test/6.3.10/spring-security-test-6.3.10.jar:/home/alvin/.m2/repository/org/springframework/security/spring-security-core/6.3.10/spring-security-core-6.3.10.jar:/home/alvin/.m2/repository/org/springframework/security/spring-security-crypto/6.3.10/spring-security-crypto-6.3.10.jar:"/>
    <property name="sun.cpu.endian" value="little"/>
    <property name="user.home" value="/home/alvin"/>
    <property name="user.language" value="en"/>
    <property name="java.specification.vendor" value="Oracle Corporation"/>
    <property name="java.version.date" value="2025-04-15"/>
    <property name="java.home" value="/usr/lib/jvm/java-21-openjdk-amd64"/>
    <property name="file.separator" value="/"/>
    <property name="basedir" value="/home/alvin/GitHub/celestix"/>
    <property name="java.vm.compressedOopsMode" value="Zero based"/>
    <property name="line.separator" value="&#10;"/>
    <property name="java.vm.specification.vendor" value="Oracle Corporation"/>
    <property name="java.specification.name" value="Java Platform API Specification"/>
    <property name="FILE_LOG_CHARSET" value="UTF-8"/>
    <property name="java.awt.headless" value="true"/>
    <property name="surefire.real.class.path" value="/home/alvin/GitHub/celestix/target/surefire/surefirebooter-20250812141237690_3.jar"/>
    <property name="sun.management.compiler" value="HotSpot 64-Bit Tiered Compilers"/>
    <property name="java.runtime.version" value="21.0.7+6-Ubuntu-0ubuntu124.04"/>
    <property name="user.name" value="alvin"/>
    <property name="stdout.encoding" value="UTF-8"/>
    <property name="path.separator" value=":"/>
    <property name="os.version" value="6.11.0-26-generic"/>
    <property name="java.runtime.name" value="OpenJDK Runtime Environment"/>
    <property name="file.encoding" value="UTF-8"/>
    <property name="java.vm.name" value="OpenJDK 64-Bit Server VM"/>
    <property name="localRepository" value="/home/alvin/.m2/repository"/>
    <property name="java.vendor.url.bug" value="https://bugs.launchpad.net/ubuntu/+source/openjdk-21"/>
    <property name="java.io.tmpdir" value="/tmp"/>
    <property name="com.zaxxer.hikari.pool_number" value="1"/>
    <property name="java.version" value="21.0.7"/>
    <property name="user.dir" value="/home/alvin/GitHub/celestix"/>
    <property name="os.arch" value="amd64"/>
    <property name="java.vm.specification.name" value="Java Virtual Machine Specification"/>
    <property name="PID" value="99286"/>
    <property name="CONSOLE_LOG_CHARSET" value="UTF-8"/>
    <property name="native.encoding" value="UTF-8"/>
    <property name="java.library.path" value="/usr/java/packages/lib:/usr/lib/x86_64-linux-gnu/jni:/lib/x86_64-linux-gnu:/usr/lib/x86_64-linux-gnu:/usr/lib/jni:/lib:/usr/lib"/>
    <property name="java.vm.info" value="mixed mode, sharing"/>
    <property name="stderr.encoding" value="UTF-8"/>
    <property name="java.vendor" value="Ubuntu"/>
    <property name="java.vm.version" value="21.0.7+6-Ubuntu-0ubuntu124.04"/>
    <property name="sun.io.unicode.encoding" value="UnicodeLittle"/>
    <property name="java.class.version" value="65.0"/>
    <property name="LOGGED_APPLICATION_NAME" value="[celestix] "/>
  </properties>
  <testcase name="contextLoads" classname="com.movie.celestix.CelestixApplicationTests" time="0.345">
    <system-out><![CDATA[14:12:38.174 [main] INFO org.springframework.test.context.support.AnnotationConfigContextLoaderUtils -- Could not detect default configuration classes for test class [com.movie.celestix.CelestixApplicationTests]: CelestixApplicationTests does not declare any static, non-private, non-final, nested classes annotated with @Configuration.
14:12:38.260 [main] INFO org.springframework.boot.test.context.SpringBootTestContextBootstrapper -- Found @SpringBootConfiguration com.movie.celestix.CelestixApplication for test class com.movie.celestix.CelestixApplicationTests

  .   ____          _            __ _ _
 /\\ / ___'_ __ _ _(_)_ __  __ _ \ \ \ \
( ( )\___ | '_ | '_| | '_ \/ _` | \ \ \ \
 \\/  ___)| |_)| | | | | || (_| |  ) ) ) )
  '  |____| .__|_| |_|_| |_\__, | / / / /
 =========|_|==============|___/=/_/_/_/

 :: Spring Boot ::               (v3.3.13)

2025-08-12T14:12:38.584+07:00  INFO 99286 --- [celestix] [           main] c.m.celestix.CelestixApplicationTests    : Starting CelestixApplicationTests using Java 21.0.7 with PID 99286 (started by alvin in /home/alvin/GitHub/celestix)
2025-08-12T14:12:38.586+07:00  INFO 99286 --- [celestix] [           main] c.m.celestix.CelestixApplicationTests    : No active profile set, falling back to 1 default profile: "default"
2025-08-12T14:12:39.247+07:00  INFO 99286 --- [celestix] [           main] .s.d.r.c.RepositoryConfigurationDelegate : Bootstrapping Spring Data JPA repositories in DEFAULT mode.
2025-08-12T14:12:39.298+07:00  INFO 99286 --- [celestix] [           main] .s.d.r.c.RepositoryConfigurationDelegate : Finished Spring Data repository scanning in 44 ms. Found 3 JPA repository interfaces.
2025-08-12T14:12:39.646+07:00  INFO 99286 --- [celestix] [           main] o.hibernate.jpa.internal.util.LogHelper  : HHH000204: Processing PersistenceUnitInfo [name: default]
2025-08-12T14:12:39.677+07:00  INFO 99286 --- [celestix] [           main] org.hibernate.Version                    : HHH000412: Hibernate ORM core version 6.5.3.Final
2025-08-12T14:12:39.697+07:00  INFO 99286 --- [celestix] [           main] o.h.c.internal.RegionFactoryInitiator    : HHH000026: Second-level cache disabled
2025-08-12T14:12:39.912+07:00  INFO 99286 --- [celestix] [           main] o.s.o.j.p.SpringPersistenceUnitInfo      : No LoadTimeWeaver setup: ignoring JPA class transformer
2025-08-12T14:12:39.936+07:00  INFO 99286 --- [celestix] [           main] com.zaxxer.hikari.HikariDataSource       : HikariPool-1 - Starting...
2025-08-12T14:12:40.042+07:00  INFO 99286 --- [celestix] [           main] com.zaxxer.hikari.pool.HikariPool        : HikariPool-1 - Added connection conn0: url=jdbc:h2:mem:celestixdb user=SA
2025-08-12T14:12:40.043+07:00  INFO 99286 --- [celestix] [           main] com.zaxxer.hikari.HikariDataSource       : HikariPool-1 - Start completed.
2025-08-12T14:12:40.054+07:00  WARN 99286 --- [celestix] [           main] org.hibernate.orm.deprecation            : HHH90000025: H2Dialect does not need to be specified explicitly using 'hibernate.dialect' (remove the property setting and it will be selected by default)
2025-08-12T14:12:40.539+07:00  INFO 99286 --- [celestix] [           main] o.h.e.t.j.p.i.JtaPlatformInitiator       : HHH000489: No JTA platform available (set 'hibernate.transaction.jta.platform' to enable JTA platform integration)
Hibernate: create table food_categories (id bigint generated by default as identity, created_at timestamp(6) with time zone not null, deleted_at timestamp(6) with time zone, updated_at timestamp(6) with time zone, description varchar(255), name varchar(255), primary key (id))
Hibernate: create table movie_genres (id bigint generated by default as identity, created_at timestamp(6) with time zone not null, deleted_at timestamp(6) with time zone, updated_at timestamp(6) with time zone, description varchar(255), name varchar(255), primary key (id))
Hibernate: create table users (id bigint generated by default as identity, created_at timestamp(6) with time zone not null, deleted_at timestamp(6) with time zone, updated_at timestamp(6) with time zone, email varchar(255), name varchar(255), password varchar(255), role bigint, primary key (id))
Hibernate: alter table if exists users drop constraint if exists UK6dotkott2kjsp8vw4d0m25fb7
Hibernate: alter table if exists users add constraint UK6dotkott2kjsp8vw4d0m25fb7 unique (email)
2025-08-12T14:12:40.591+07:00  INFO 99286 --- [celestix] [           main] j.LocalContainerEntityManagerFactoryBean : Initialized JPA EntityManagerFactory for persistence unit 'default'
2025-08-12T14:12:40.947+07:00  WARN 99286 --- [celestix] [           main] JpaBaseConfiguration$JpaWebConfiguration : spring.jpa.open-in-view is enabled by default. Therefore, database queries may be performed during view rendering. Explicitly configure spring.jpa.open-in-view to disable this warning
2025-08-12T14:12:40.982+07:00  WARN 99286 --- [celestix] [           main] .s.s.UserDetailsServiceAutoConfiguration : 

Using generated security password: aca34020-196c-4d60-8a64-96e28abf0375

This generated password is for development use only. Your security configuration must be updated before running your application in production.

2025-08-12T14:12:40.989+07:00  INFO 99286 --- [celestix] [           main] r$InitializeUserDetailsManagerConfigurer : Global AuthenticationManager configured with UserDetailsService bean with name inMemoryUserDetailsManager
2025-08-12T14:12:41.467+07:00  INFO 99286 --- [celestix] [           main] o.s.b.a.h2.H2ConsoleAutoConfiguration    : H2 console available at '/h2-console'. Database available at 'jdbc:h2:mem:celestixdb'
2025-08-12T14:12:41.529+07:00  INFO 99286 --- [celestix] [           main] c.m.celestix.CelestixApplicationTests    : Started CelestixApplicationTests in 3.146 seconds (process running for 3.797)
]]></system-out>
    <system-err><![CDATA[WARNING: A Java agent has been loaded dynamically (/home/alvin/.m2/repository/net/bytebuddy/byte-buddy-agent/1.14.19/byte-buddy-agent-1.14.19.jar)
WARNING: If a serviceability tool is in use, please run with -XX:+EnableDynamicAgentLoading to hide this warning
WARNING: If a serviceability tool is not in use, please run with -Djdk.instrument.traceUsage for more information
WARNING: Dynamic loading of agents will be disallowed by default in a future release
]]></system-err>
  </testcase>
</testsuite>